<?xml version="1.0" encoding="UTF-8"?>
<!-- Generated by org.testng.reporters.JUnitXMLReporter -->
<testsuite ignored="0" hostname="LAPTOP-L2KJJLP5" failures="1" tests="5" name="Test" time="69.259" errors="0" timestamp="2026-03-26T09:32:26 IST">
  <testcase classname="testCase.TC001_AccountRegistrationTest" name="verifyRegistration" time="4.257"/>
  <testcase classname="testCase.TC002_LoginTest" name="logintest" time="3.268"/>
  <testcase classname="testCase.TC002_LoginTest" name="logintest" time="17.929"/>
  <testcase classname="testCase.TC002_LoginTest" name="logintest" time="16.329"/>
  <testcase classname="testCase.TC002_LoginTest" name="logintest" time="16.298">
    <failure type="java.lang.AssertionError" message="expected [true] but found [false]">
      <![CDATA[java.lang.AssertionError: expected [true] but found [false]
at testCase.TC002_LoginTest.logintest(TC002_LoginTest.java:43)
at java.base/java.util.ArrayList.forEach(ArrayList.java:1511)
at java.base/java.util.concurrent.FutureTask.run(FutureTask.java:264)
at java.base/java.util.concurrent.ThreadPoolExecutor.runWorker(ThreadPoolExecutor.java:1136)
at java.base/java.util.concurrent.ThreadPoolExecutor$Worker.run(ThreadPoolExecutor.java:635)
at java.base/java.lang.Thread.run(Thread.java:833)
... Removed 21 stack frames]]>
    </failure>
  </testcase> <!-- logintest -->
</testsuite> <!-- Test -->
