<?xml version="1.0" encoding="UTF-8"?>
<!-- Generated by org.testng.reporters.JUnitXMLReporter -->
<testsuite ignored="0" hostname="LAPTOP-L2KJJLP5" failures="1" tests="5" name="Test edge" time="74.443" errors="0" timestamp="2026-03-27T09:00:30 IST">
  <testcase classname="testCase.TC001_AccountRegistrationTest" name="verifyRegistration" time="3.65"/>
  <testcase classname="testCase.TC002_LoginTest" name="logintest" time="3.868"/>
  <testcase classname="testCase.TC002_LoginTest" name="logintest" time="16.852"/>
  <testcase classname="testCase.TC002_LoginTest" name="logintest" time="16.519"/>
  <testcase classname="testCase.TC002_LoginTest" name="logintest" time="18.876">
    <failure type="java.lang.AssertionError" message="expected [true] but found [false]">
      <![CDATA[java.lang.AssertionError: expected [true] but found [false]
at testCase.TC002_LoginTest.logintest(TC002_LoginTest.java:43)
at java.base/java.util.ArrayList.forEach(ArrayList.java:1597)
at java.base/java.util.concurrent.FutureTask.run(FutureTask.java:317)
at java.base/java.util.concurrent.ThreadPoolExecutor.runWorker(ThreadPoolExecutor.java:1144)
at java.base/java.util.concurrent.ThreadPoolExecutor$Worker.run(ThreadPoolExecutor.java:642)
at java.base/java.lang.Thread.run(Thread.java:1575)
... Removed 19 stack frames]]>
    </failure>
  </testcase> <!-- logintest -->
</testsuite> <!-- Test edge -->
