<?xml version="1.0" encoding="UTF-8"?>
<!-- Generated by org.testng.reporters.JUnitReportReporter -->
<testsuite hostname="LAPTOP-L2KJJLP5" failures="0" tests="2" name="testCase.TC001_AccountRegistrationTest" time="7.758" errors="0" timestamp="2026-03-26T09:32:27 IST" skipped="0">
  <testcase classname="testCase.TC001_AccountRegistrationTest" name="verifyRegistration" time="4.257"/>
  <testcase classname="testCase.TC001_AccountRegistrationTest" name="verifyRegistration" time="3.501"/>
</testsuite> <!-- testCase.TC001_AccountRegistrationTest -->
