<?xml version="1.0" encoding="UTF-8"?>
<!-- Generated by org.testng.reporters.JUnitReportReporter -->
<testsuite hostname="LAPTOP-L2KJJLP5" failures="0" tests="2" name="testCase.TC001_AccountRegistrationTest" time="7.329" errors="0" timestamp="2026-03-27T09:00:31 IST" skipped="0">
  <testcase classname="testCase.TC001_AccountRegistrationTest" name="verifyRegistration" time="3.650"/>
  <testcase classname="testCase.TC001_AccountRegistrationTest" name="verifyRegistration" time="3.679"/>
</testsuite> <!-- testCase.TC001_AccountRegistrationTest -->
